<?xml version="1.0" encoding="UTF-8"?>
<!-- Generated by org.testng.reporters.JUnitXMLReporter -->
<testsuite ignored="3" hostname="Shubham" failures="0" tests="4" name="GroupTest" time="42.22" errors="0" timestamp="2023-12-11T21:45:50 IST">
  <testcase classname="TestCases.LoginTestPage" name="loginToApplication" time="1.657"/>
  <testcase classname="TestCases.LoginTestPage" name="verifyURLofApplication" time="0.09"/>
  <testcase classname="TestCases.Inventory_Page_Test" name="add6productTest" time="3.824"/>
  <testcase classname="TestCases.Inventory_Page_Test" name="remove2ProductTest" time="7.107"/>
  <testcase classname="TestCases.Inventory_Page_Test" name="verifyTwitterLogoTest" time="0.0">
    <ignored/>
  </testcase> <!-- verifyTwitterLogoTest -->
  <testcase classname="TestCases.LoginTestPage" name="verifyTitleofApplication" time="0.0">
    <ignored/>
  </testcase> <!-- verifyTitleofApplication -->
  <testcase classname="TestCases.Inventory_Page_Test" name="verifyproductLableTest" time="0.0">
    <ignored/>
  </testcase> <!-- verifyproductLableTest -->
</testsuite> <!-- GroupTest -->
